<?xml version="1.0" encoding="UTF-8"?>
<testsuite xmlns:xsi="http://www.w3.org/2001/XMLSchema-instance" xsi:noNamespaceSchemaLocation="https://maven.apache.org/surefire/maven-surefire-plugin/xsd/surefire-test-report.xsd" name="com.xhy.AppTest" time="0.38" tests="6" errors="6" skipped="0" failures="0">
  <properties>
    <property name="sun.desktop" value="windows"/>
    <property name="awt.toolkit" value="sun.awt.windows.WToolkit"/>
    <property name="java.specification.version" value="9"/>
    <property name="file.encoding.pkg" value="sun.io"/>
    <property name="sun.cpu.isalist" value="amd64"/>
    <property name="sun.jnu.encoding" value="GBK"/>
    <property name="java.class.path" value="F:\服务外包大赛\gitHub-repostiry\first\fwwbBehind\mapper\target\test-classes;F:\服务外包大赛\gitHub-repostiry\first\fwwbBehind\mapper\target\classes;F:\服务外包大赛\gitHub-repostiry\first\fwwbBehind\domain\target\domain-1.0-SNAPSHOT.jar;C:\Users\mek\.m2\repository\junit\junit\4.11\junit-4.11.jar;C:\Users\mek\.m2\repository\org\hamcrest\hamcrest-core\1.3\hamcrest-core-1.3.jar;C:\Users\mek\.m2\repository\org\aspectj\aspectjweaver\1.9.6\aspectjweaver-1.9.6.jar;C:\Users\mek\.m2\repository\org\springframework\spring-beans\5.3.5\spring-beans-5.3.5.jar;C:\Users\mek\.m2\repository\org\springframework\spring-context\5.3.5\spring-context-5.3.5.jar;C:\Users\mek\.m2\repository\org\springframework\spring-expression\5.3.5\spring-expression-5.3.5.jar;C:\Users\mek\.m2\repository\org\springframework\spring-aop\5.3.5\spring-aop-5.3.5.jar;C:\Users\mek\.m2\repository\org\springframework\spring-core\5.3.5\spring-core-5.3.5.jar;C:\Users\mek\.m2\repository\org\springframework\spring-jcl\5.3.5\spring-jcl-5.3.5.jar;C:\Users\mek\.m2\repository\org\springframework\spring-webmvc\5.3.5\spring-webmvc-5.3.5.jar;C:\Users\mek\.m2\repository\org\springframework\spring-web\5.3.5\spring-web-5.3.5.jar;C:\Users\mek\.m2\repository\org\springframework\spring-test\5.3.5\spring-test-5.3.5.jar;C:\Users\mek\.m2\repository\org\springframework\spring-tx\5.3.5\spring-tx-5.3.5.jar;C:\Users\mek\.m2\repository\org\springframework\spring-jdbc\5.3.5\spring-jdbc-5.3.5.jar;C:\Users\mek\.m2\repository\javax\servlet\jsp\jsp-api\2.0\jsp-api-2.0.jar;C:\Users\mek\.m2\repository\javax\servlet\javax.servlet-api\3.1.0\javax.servlet-api-3.1.0.jar;C:\Users\mek\.m2\repository\org\glassfish\web\jstl-impl\1.2\jstl-impl-1.2.jar;C:\Users\mek\.m2\repository\javax\servlet\servlet-api\2.5\servlet-api-2.5.jar;C:\Users\mek\.m2\repository\javax\servlet\jsp\jstl\jstl-api\1.2\jstl-api-1.2.jar;C:\Users\mek\.m2\repository\javax\servlet\jstl\1.2\jstl-1.2.jar;C:\Users\mek\.m2\repository\com\fasterxml\jackson\core\jackson-databind\2.12.3\jackson-databind-2.12.3.jar;C:\Users\mek\.m2\repository\com\fasterxml\jackson\core\jackson-core\2.12.3\jackson-core-2.12.3.jar;C:\Users\mek\.m2\repository\com\fasterxml\jackson\core\jackson-annotations\2.12.3\jackson-annotations-2.12.3.jar;C:\Users\mek\.m2\repository\org\projectlombok\lombok\1.18.20\lombok-1.18.20.jar;C:\Users\mek\.m2\repository\mysql\mysql-connector-java\8.0.19\mysql-connector-java-8.0.19.jar;C:\Users\mek\.m2\repository\com\google\protobuf\protobuf-java\3.6.1\protobuf-java-3.6.1.jar;C:\Users\mek\.m2\repository\org\mybatis\mybatis\3.5.6\mybatis-3.5.6.jar;C:\Users\mek\.m2\repository\com\mchange\c3p0\0.9.5.2\c3p0-0.9.5.2.jar;C:\Users\mek\.m2\repository\com\mchange\mchange-commons-java\0.2.11\mchange-commons-java-0.2.11.jar;C:\Users\mek\.m2\repository\org\mybatis\mybatis-spring\2.0.6\mybatis-spring-2.0.6.jar;C:\Users\mek\.m2\repository\log4j\log4j\1.2.17\log4j-1.2.17.jar;C:\Users\mek\.m2\repository\org\slf4j\slf4j-api\1.7.30\slf4j-api-1.7.30.jar;C:\Users\mek\.m2\repository\org\slf4j\slf4j-log4j12\1.7.30\slf4j-log4j12-1.7.30.jar;C:\Users\mek\.m2\repository\com\github\pagehelper\pagehelper\5.1.8\pagehelper-5.1.8.jar;C:\Users\mek\.m2\repository\com\github\jsqlparser\jsqlparser\1.2\jsqlparser-1.2.jar;C:\Users\mek\.m2\repository\org\apache\httpcomponents\httpclient\4.5.13\httpclient-4.5.13.jar;C:\Users\mek\.m2\repository\commons-logging\commons-logging\1.2\commons-logging-1.2.jar;C:\Users\mek\.m2\repository\commons-codec\commons-codec\1.11\commons-codec-1.11.jar;C:\Users\mek\.m2\repository\org\apache\httpcomponents\httpcore\4.4.13\httpcore-4.4.13.jar;C:\Users\mek\.m2\repository\org\apache\shiro\shiro-core\1.7.1\shiro-core-1.7.1.jar;C:\Users\mek\.m2\repository\org\apache\shiro\shiro-lang\1.7.1\shiro-lang-1.7.1.jar;C:\Users\mek\.m2\repository\org\apache\shiro\shiro-cache\1.7.1\shiro-cache-1.7.1.jar;C:\Users\mek\.m2\repository\org\apache\shiro\shiro-crypto-hash\1.7.1\shiro-crypto-hash-1.7.1.jar;C:\Users\mek\.m2\repository\org\apache\shiro\shiro-crypto-core\1.7.1\shiro-crypto-core-1.7.1.jar;C:\Users\mek\.m2\repository\org\apache\shiro\shiro-crypto-cipher\1.7.1\shiro-crypto-cipher-1.7.1.jar;C:\Users\mek\.m2\repository\org\apache\shiro\shiro-config-core\1.7.1\shiro-config-core-1.7.1.jar;C:\Users\mek\.m2\repository\org\apache\shiro\shiro-config-ogdl\1.7.1\shiro-config-ogdl-1.7.1.jar;C:\Users\mek\.m2\repository\commons-beanutils\commons-beanutils\1.9.4\commons-beanutils-1.9.4.jar;C:\Users\mek\.m2\repository\commons-collections\commons-collections\3.2.2\commons-collections-3.2.2.jar;C:\Users\mek\.m2\repository\org\apache\shiro\shiro-event\1.7.1\shiro-event-1.7.1.jar;C:\Users\mek\.m2\repository\org\apache\shiro\shiro-web\1.7.1\shiro-web-1.7.1.jar;C:\Users\mek\.m2\repository\org\owasp\encoder\encoder\1.2.2\encoder-1.2.2.jar;C:\Users\mek\.m2\repository\org\apache\shiro\shiro-spring\1.7.1\shiro-spring-1.7.1.jar;C:\Users\mek\.m2\repository\org\activiti\activiti-engine\7.0.0.Beta1\activiti-engine-7.0.0.Beta1.jar;C:\Users\mek\.m2\repository\org\activiti\activiti-common-runtime-api\7.0.0.Beta1\activiti-common-runtime-api-7.0.0.Beta1.jar;C:\Users\mek\.m2\repository\org\activiti\activiti-common-model-api\7.0.0.Beta1\activiti-common-model-api-7.0.0.Beta1.jar;C:\Users\mek\.m2\repository\org\apache\commons\commons-email\1.5\commons-email-1.5.jar;C:\Users\mek\.m2\repository\com\sun\mail\javax.mail\1.5.6\javax.mail-1.5.6.jar;C:\Users\mek\.m2\repository\javax\activation\activation\1.1\activation-1.1.jar;C:\Users\mek\.m2\repository\org\apache\commons\commons-lang3\3.7\commons-lang3-3.7.jar;C:\Users\mek\.m2\repository\de\odysseus\juel\juel-api\2.2.7\juel-api-2.2.7.jar;C:\Users\mek\.m2\repository\de\odysseus\juel\juel-impl\2.2.7\juel-impl-2.2.7.jar;C:\Users\mek\.m2\repository\de\odysseus\juel\juel-spi\2.2.7\juel-spi-2.2.7.jar;C:\Users\mek\.m2\repository\org\assertj\assertj-core\3.9.1\assertj-core-3.9.1.jar;C:\Users\mek\.m2\repository\org\slf4j\jcl-over-slf4j\1.7.25\jcl-over-slf4j-1.7.25.jar;C:\Users\mek\.m2\repository\org\activiti\activiti-bpmn-converter\7.0.0.Beta1\activiti-bpmn-converter-7.0.0.Beta1.jar;C:\Users\mek\.m2\repository\org\activiti\activiti-json-converter\7.0.0.Beta1\activiti-json-converter-7.0.0.Beta1.jar;C:\Users\mek\.m2\repository\math\geom2d\javaGeom\0.11.1\javaGeom-0.11.1.jar;C:\Users\mek\.m2\repository\org\activiti\activiti-bpmn-layout\7.0.0.Beta1\activiti-bpmn-layout-7.0.0.Beta1.jar;C:\Users\mek\.m2\repository\com\github\jgraph\jgraphx\v3.9.3\jgraphx-v3.9.3.jar;C:\Users\mek\.m2\repository\org\activiti\activiti-bpmn-model\7.0.0.Beta1\activiti-bpmn-model-7.0.0.Beta1.jar;C:\Users\mek\.m2\repository\org\activiti\activiti-image-generator\7.0.0.Beta1\activiti-image-generator-7.0.0.Beta1.jar;C:\Users\mek\.m2\repository\org\apache\xmlgraphics\batik-awt-util\1.10\batik-awt-util-1.10.jar;C:\Users\mek\.m2\repository\org\apache\xmlgraphics\batik-util\1.10\batik-util-1.10.jar;C:\Users\mek\.m2\repository\org\apache\xmlgraphics\batik-constants\1.10\batik-constants-1.10.jar;C:\Users\mek\.m2\repository\org\apache\xmlgraphics\batik-i18n\1.10\batik-i18n-1.10.jar;C:\Users\mek\.m2\repository\org\apache\xmlgraphics\xmlgraphics-commons\2.2\xmlgraphics-commons-2.2.jar;C:\Users\mek\.m2\repository\commons-io\commons-io\1.3.1\commons-io-1.3.1.jar;C:\Users\mek\.m2\repository\org\apache\xmlgraphics\batik-dom\1.10\batik-dom-1.10.jar;C:\Users\mek\.m2\repository\org\apache\xmlgraphics\batik-css\1.10\batik-css-1.10.jar;C:\Users\mek\.m2\repository\org\apache\xmlgraphics\batik-ext\1.10\batik-ext-1.10.jar;C:\Users\mek\.m2\repository\org\apache\xmlgraphics\batik-xml\1.10\batik-xml-1.10.jar;C:\Users\mek\.m2\repository\xalan\xalan\2.7.2\xalan-2.7.2.jar;C:\Users\mek\.m2\repository\xalan\serializer\2.7.2\serializer-2.7.2.jar;C:\Users\mek\.m2\repository\xml-apis\xml-apis\1.3.04\xml-apis-1.3.04.jar;C:\Users\mek\.m2\repository\xml-apis\xml-apis-ext\1.3.04\xml-apis-ext-1.3.04.jar;C:\Users\mek\.m2\repository\org\apache\xmlgraphics\batik-svggen\1.10\batik-svggen-1.10.jar;C:\Users\mek\.m2\repository\org\activiti\activiti-process-validation\7.0.0.Beta1\activiti-process-validation-7.0.0.Beta1.jar;C:\Users\mek\.m2\repository\org\activiti\activiti-spring\7.0.0.Beta1\activiti-spring-7.0.0.Beta1.jar;C:\Users\mek\.m2\repository\org\springframework\spring-orm\5.0.8.RELEASE\spring-orm-5.0.8.RELEASE.jar;C:\Users\mek\.m2\repository\javax\el\el-api\2.2\el-api-2.2.jar;C:\Users\mek\.m2\repository\org\activiti\cloud\activiti-cloud-services-api\7.0.0.Beta1\activiti-cloud-services-api-7.0.0.Beta1.jar;C:\Users\mek\.m2\repository\org\activiti\activiti-process-runtime-api\7.0.0.Beta1\activiti-process-runtime-api-7.0.0.Beta1.jar;C:\Users\mek\.m2\repository\org\activiti\activiti-process-model-api\7.0.0.Beta1\activiti-process-model-api-7.0.0.Beta1.jar;C:\Users\mek\.m2\repository\com\alibaba\fastjson\1.2.4\fastjson-1.2.4.jar;C:\Users\mek\.m2\repository\com\thetransactioncompany\cors-filter\2.5\cors-filter-2.5.jar;C:\Users\mek\.m2\repository\com\thetransactioncompany\java-property-utils\1.9\java-property-utils-1.9.jar;C:\Users\mek\.m2\repository\io\springfox\springfox-swagger2\2.7.0\springfox-swagger2-2.7.0.jar;C:\Users\mek\.m2\repository\io\swagger\swagger-annotations\1.5.13\swagger-annotations-1.5.13.jar;C:\Users\mek\.m2\repository\io\swagger\swagger-models\1.5.13\swagger-models-1.5.13.jar;C:\Users\mek\.m2\repository\io\springfox\springfox-spi\2.7.0\springfox-spi-2.7.0.jar;C:\Users\mek\.m2\repository\io\springfox\springfox-core\2.7.0\springfox-core-2.7.0.jar;C:\Users\mek\.m2\repository\net\bytebuddy\byte-buddy\1.6.14\byte-buddy-1.6.14.jar;C:\Users\mek\.m2\repository\io\springfox\springfox-schema\2.7.0\springfox-schema-2.7.0.jar;C:\Users\mek\.m2\repository\io\springfox\springfox-swagger-common\2.7.0\springfox-swagger-common-2.7.0.jar;C:\Users\mek\.m2\repository\io\springfox\springfox-spring-web\2.7.0\springfox-spring-web-2.7.0.jar;C:\Users\mek\.m2\repository\org\reflections\reflections\0.9.11\reflections-0.9.11.jar;C:\Users\mek\.m2\repository\org\javassist\javassist\3.21.0-GA\javassist-3.21.0-GA.jar;C:\Users\mek\.m2\repository\com\google\guava\guava\18.0\guava-18.0.jar;C:\Users\mek\.m2\repository\com\fasterxml\classmate\1.3.3\classmate-1.3.3.jar;C:\Users\mek\.m2\repository\org\springframework\plugin\spring-plugin-core\1.2.0.RELEASE\spring-plugin-core-1.2.0.RELEASE.jar;C:\Users\mek\.m2\repository\org\springframework\plugin\spring-plugin-metadata\1.2.0.RELEASE\spring-plugin-metadata-1.2.0.RELEASE.jar;C:\Users\mek\.m2\repository\org\mapstruct\mapstruct\1.1.0.Final\mapstruct-1.1.0.Final.jar;C:\Users\mek\.m2\repository\io\springfox\springfox-swagger-ui\2.7.0\springfox-swagger-ui-2.7.0.jar;C:\Users\mek\.m2\repository\redis\clients\jedis\3.2.0\jedis-3.2.0.jar;C:\Users\mek\.m2\repository\org\apache\commons\commons-pool2\2.6.2\commons-pool2-2.6.2.jar;C:\Users\mek\.m2\repository\com\alibaba\easyexcel\3.0.1\easyexcel-3.0.1.jar;C:\Users\mek\.m2\repository\org\apache\poi\poi\4.1.2\poi-4.1.2.jar;C:\Users\mek\.m2\repository\org\apache\commons\commons-collections4\4.4\commons-collections4-4.4.jar;C:\Users\mek\.m2\repository\org\apache\commons\commons-math3\3.6.1\commons-math3-3.6.1.jar;C:\Users\mek\.m2\repository\com\zaxxer\SparseBitSet\1.2\SparseBitSet-1.2.jar;C:\Users\mek\.m2\repository\org\apache\poi\poi-ooxml\4.1.2\poi-ooxml-4.1.2.jar;C:\Users\mek\.m2\repository\org\apache\commons\commons-compress\1.19\commons-compress-1.19.jar;C:\Users\mek\.m2\repository\com\github\virtuald\curvesapi\1.06\curvesapi-1.06.jar;C:\Users\mek\.m2\repository\org\apache\poi\poi-ooxml-schemas\4.1.2\poi-ooxml-schemas-4.1.2.jar;C:\Users\mek\.m2\repository\org\apache\xmlbeans\xmlbeans\3.1.0\xmlbeans-3.1.0.jar;C:\Users\mek\.m2\repository\org\apache\commons\commons-csv\1.8\commons-csv-1.8.jar;C:\Users\mek\.m2\repository\cglib\cglib\3.3.0\cglib-3.3.0.jar;C:\Users\mek\.m2\repository\org\ow2\asm\asm\7.1\asm-7.1.jar;C:\Users\mek\.m2\repository\org\ehcache\ehcache\3.8.1\ehcache-3.8.1.jar;C:\Users\mek\.m2\repository\org\glassfish\jaxb\jaxb-runtime\2.3.1\jaxb-runtime-2.3.1.jar;C:\Users\mek\.m2\repository\javax\xml\bind\jaxb-api\2.3.1\jaxb-api-2.3.1.jar;C:\Users\mek\.m2\repository\org\glassfish\jaxb\txw2\2.3.1\txw2-2.3.1.jar;C:\Users\mek\.m2\repository\com\sun\istack\istack-commons-runtime\3.0.7\istack-commons-runtime-3.0.7.jar;C:\Users\mek\.m2\repository\org\jvnet\staxex\stax-ex\1.8\stax-ex-1.8.jar;C:\Users\mek\.m2\repository\com\sun\xml\fastinfoset\FastInfoset\1.2.15\FastInfoset-1.2.15.jar;C:\Users\mek\.m2\repository\javax\activation\javax.activation-api\1.2.0\javax.activation-api-1.2.0.jar;C:\Users\mek\.m2\repository\joda-time\joda-time\2.10.1\joda-time-2.10.1.jar;"/>
    <property name="java.vm.vendor" value="Oracle Corporation"/>
    <property name="sun.arch.data.model" value="64"/>
    <property name="user.variant" value=""/>
    <property name="java.vendor.url" value="http://java.oracle.com/"/>
    <property name="user.timezone" value="Asia/Shanghai"/>
    <property name="java.vm.specification.version" value="9"/>
    <property name="os.name" value="Windows 10"/>
    <property name="sun.java.launcher" value="SUN_STANDARD"/>
    <property name="user.country" value="CN"/>
    <property name="sun.boot.library.path" value="D:\Java\jdk-9\bin"/>
    <property name="sun.java.command" value="C:\Users\mek\AppData\Local\Temp\surefire3283399937162482309\surefirebooter3228512802908548246.jar C:\Users\mek\AppData\Local\Temp\surefire3283399937162482309 2021-10-28T19-17-35_336-jvmRun1 surefire18214085838234179640tmp surefire_116005093650944646935tmp"/>
    <property name="jdk.debug" value="release"/>
    <property name="surefire.test.class.path" value="F:\服务外包大赛\gitHub-repostiry\first\fwwbBehind\mapper\target\test-classes;F:\服务外包大赛\gitHub-repostiry\first\fwwbBehind\mapper\target\classes;F:\服务外包大赛\gitHub-repostiry\first\fwwbBehind\domain\target\domain-1.0-SNAPSHOT.jar;C:\Users\mek\.m2\repository\junit\junit\4.11\junit-4.11.jar;C:\Users\mek\.m2\repository\org\hamcrest\hamcrest-core\1.3\hamcrest-core-1.3.jar;C:\Users\mek\.m2\repository\org\aspectj\aspectjweaver\1.9.6\aspectjweaver-1.9.6.jar;C:\Users\mek\.m2\repository\org\springframework\spring-beans\5.3.5\spring-beans-5.3.5.jar;C:\Users\mek\.m2\repository\org\springframework\spring-context\5.3.5\spring-context-5.3.5.jar;C:\Users\mek\.m2\repository\org\springframework\spring-expression\5.3.5\spring-expression-5.3.5.jar;C:\Users\mek\.m2\repository\org\springframework\spring-aop\5.3.5\spring-aop-5.3.5.jar;C:\Users\mek\.m2\repository\org\springframework\spring-core\5.3.5\spring-core-5.3.5.jar;C:\Users\mek\.m2\repository\org\springframework\spring-jcl\5.3.5\spring-jcl-5.3.5.jar;C:\Users\mek\.m2\repository\org\springframework\spring-webmvc\5.3.5\spring-webmvc-5.3.5.jar;C:\Users\mek\.m2\repository\org\springframework\spring-web\5.3.5\spring-web-5.3.5.jar;C:\Users\mek\.m2\repository\org\springframework\spring-test\5.3.5\spring-test-5.3.5.jar;C:\Users\mek\.m2\repository\org\springframework\spring-tx\5.3.5\spring-tx-5.3.5.jar;C:\Users\mek\.m2\repository\org\springframework\spring-jdbc\5.3.5\spring-jdbc-5.3.5.jar;C:\Users\mek\.m2\repository\javax\servlet\jsp\jsp-api\2.0\jsp-api-2.0.jar;C:\Users\mek\.m2\repository\javax\servlet\javax.servlet-api\3.1.0\javax.servlet-api-3.1.0.jar;C:\Users\mek\.m2\repository\org\glassfish\web\jstl-impl\1.2\jstl-impl-1.2.jar;C:\Users\mek\.m2\repository\javax\servlet\servlet-api\2.5\servlet-api-2.5.jar;C:\Users\mek\.m2\repository\javax\servlet\jsp\jstl\jstl-api\1.2\jstl-api-1.2.jar;C:\Users\mek\.m2\repository\javax\servlet\jstl\1.2\jstl-1.2.jar;C:\Users\mek\.m2\repository\com\fasterxml\jackson\core\jackson-databind\2.12.3\jackson-databind-2.12.3.jar;C:\Users\mek\.m2\repository\com\fasterxml\jackson\core\jackson-core\2.12.3\jackson-core-2.12.3.jar;C:\Users\mek\.m2\repository\com\fasterxml\jackson\core\jackson-annotations\2.12.3\jackson-annotations-2.12.3.jar;C:\Users\mek\.m2\repository\org\projectlombok\lombok\1.18.20\lombok-1.18.20.jar;C:\Users\mek\.m2\repository\mysql\mysql-connector-java\8.0.19\mysql-connector-java-8.0.19.jar;C:\Users\mek\.m2\repository\com\google\protobuf\protobuf-java\3.6.1\protobuf-java-3.6.1.jar;C:\Users\mek\.m2\repository\org\mybatis\mybatis\3.5.6\mybatis-3.5.6.jar;C:\Users\mek\.m2\repository\com\mchange\c3p0\0.9.5.2\c3p0-0.9.5.2.jar;C:\Users\mek\.m2\repository\com\mchange\mchange-commons-java\0.2.11\mchange-commons-java-0.2.11.jar;C:\Users\mek\.m2\repository\org\mybatis\mybatis-spring\2.0.6\mybatis-spring-2.0.6.jar;C:\Users\mek\.m2\repository\log4j\log4j\1.2.17\log4j-1.2.17.jar;C:\Users\mek\.m2\repository\org\slf4j\slf4j-api\1.7.30\slf4j-api-1.7.30.jar;C:\Users\mek\.m2\repository\org\slf4j\slf4j-log4j12\1.7.30\slf4j-log4j12-1.7.30.jar;C:\Users\mek\.m2\repository\com\github\pagehelper\pagehelper\5.1.8\pagehelper-5.1.8.jar;C:\Users\mek\.m2\repository\com\github\jsqlparser\jsqlparser\1.2\jsqlparser-1.2.jar;C:\Users\mek\.m2\repository\org\apache\httpcomponents\httpclient\4.5.13\httpclient-4.5.13.jar;C:\Users\mek\.m2\repository\commons-logging\commons-logging\1.2\commons-logging-1.2.jar;C:\Users\mek\.m2\repository\commons-codec\commons-codec\1.11\commons-codec-1.11.jar;C:\Users\mek\.m2\repository\org\apache\httpcomponents\httpcore\4.4.13\httpcore-4.4.13.jar;C:\Users\mek\.m2\repository\org\apache\shiro\shiro-core\1.7.1\shiro-core-1.7.1.jar;C:\Users\mek\.m2\repository\org\apache\shiro\shiro-lang\1.7.1\shiro-lang-1.7.1.jar;C:\Users\mek\.m2\repository\org\apache\shiro\shiro-cache\1.7.1\shiro-cache-1.7.1.jar;C:\Users\mek\.m2\repository\org\apache\shiro\shiro-crypto-hash\1.7.1\shiro-crypto-hash-1.7.1.jar;C:\Users\mek\.m2\repository\org\apache\shiro\shiro-crypto-core\1.7.1\shiro-crypto-core-1.7.1.jar;C:\Users\mek\.m2\repository\org\apache\shiro\shiro-crypto-cipher\1.7.1\shiro-crypto-cipher-1.7.1.jar;C:\Users\mek\.m2\repository\org\apache\shiro\shiro-config-core\1.7.1\shiro-config-core-1.7.1.jar;C:\Users\mek\.m2\repository\org\apache\shiro\shiro-config-ogdl\1.7.1\shiro-config-ogdl-1.7.1.jar;C:\Users\mek\.m2\repository\commons-beanutils\commons-beanutils\1.9.4\commons-beanutils-1.9.4.jar;C:\Users\mek\.m2\repository\commons-collections\commons-collections\3.2.2\commons-collections-3.2.2.jar;C:\Users\mek\.m2\repository\org\apache\shiro\shiro-event\1.7.1\shiro-event-1.7.1.jar;C:\Users\mek\.m2\repository\org\apache\shiro\shiro-web\1.7.1\shiro-web-1.7.1.jar;C:\Users\mek\.m2\repository\org\owasp\encoder\encoder\1.2.2\encoder-1.2.2.jar;C:\Users\mek\.m2\repository\org\apache\shiro\shiro-spring\1.7.1\shiro-spring-1.7.1.jar;C:\Users\mek\.m2\repository\org\activiti\activiti-engine\7.0.0.Beta1\activiti-engine-7.0.0.Beta1.jar;C:\Users\mek\.m2\repository\org\activiti\activiti-common-runtime-api\7.0.0.Beta1\activiti-common-runtime-api-7.0.0.Beta1.jar;C:\Users\mek\.m2\repository\org\activiti\activiti-common-model-api\7.0.0.Beta1\activiti-common-model-api-7.0.0.Beta1.jar;C:\Users\mek\.m2\repository\org\apache\commons\commons-email\1.5\commons-email-1.5.jar;C:\Users\mek\.m2\repository\com\sun\mail\javax.mail\1.5.6\javax.mail-1.5.6.jar;C:\Users\mek\.m2\repository\javax\activation\activation\1.1\activation-1.1.jar;C:\Users\mek\.m2\repository\org\apache\commons\commons-lang3\3.7\commons-lang3-3.7.jar;C:\Users\mek\.m2\repository\de\odysseus\juel\juel-api\2.2.7\juel-api-2.2.7.jar;C:\Users\mek\.m2\repository\de\odysseus\juel\juel-impl\2.2.7\juel-impl-2.2.7.jar;C:\Users\mek\.m2\repository\de\odysseus\juel\juel-spi\2.2.7\juel-spi-2.2.7.jar;C:\Users\mek\.m2\repository\org\assertj\assertj-core\3.9.1\assertj-core-3.9.1.jar;C:\Users\mek\.m2\repository\org\slf4j\jcl-over-slf4j\1.7.25\jcl-over-slf4j-1.7.25.jar;C:\Users\mek\.m2\repository\org\activiti\activiti-bpmn-converter\7.0.0.Beta1\activiti-bpmn-converter-7.0.0.Beta1.jar;C:\Users\mek\.m2\repository\org\activiti\activiti-json-converter\7.0.0.Beta1\activiti-json-converter-7.0.0.Beta1.jar;C:\Users\mek\.m2\repository\math\geom2d\javaGeom\0.11.1\javaGeom-0.11.1.jar;C:\Users\mek\.m2\repository\org\activiti\activiti-bpmn-layout\7.0.0.Beta1\activiti-bpmn-layout-7.0.0.Beta1.jar;C:\Users\mek\.m2\repository\com\github\jgraph\jgraphx\v3.9.3\jgraphx-v3.9.3.jar;C:\Users\mek\.m2\repository\org\activiti\activiti-bpmn-model\7.0.0.Beta1\activiti-bpmn-model-7.0.0.Beta1.jar;C:\Users\mek\.m2\repository\org\activiti\activiti-image-generator\7.0.0.Beta1\activiti-image-generator-7.0.0.Beta1.jar;C:\Users\mek\.m2\repository\org\apache\xmlgraphics\batik-awt-util\1.10\batik-awt-util-1.10.jar;C:\Users\mek\.m2\repository\org\apache\xmlgraphics\batik-util\1.10\batik-util-1.10.jar;C:\Users\mek\.m2\repository\org\apache\xmlgraphics\batik-constants\1.10\batik-constants-1.10.jar;C:\Users\mek\.m2\repository\org\apache\xmlgraphics\batik-i18n\1.10\batik-i18n-1.10.jar;C:\Users\mek\.m2\repository\org\apache\xmlgraphics\xmlgraphics-commons\2.2\xmlgraphics-commons-2.2.jar;C:\Users\mek\.m2\repository\commons-io\commons-io\1.3.1\commons-io-1.3.1.jar;C:\Users\mek\.m2\repository\org\apache\xmlgraphics\batik-dom\1.10\batik-dom-1.10.jar;C:\Users\mek\.m2\repository\org\apache\xmlgraphics\batik-css\1.10\batik-css-1.10.jar;C:\Users\mek\.m2\repository\org\apache\xmlgraphics\batik-ext\1.10\batik-ext-1.10.jar;C:\Users\mek\.m2\repository\org\apache\xmlgraphics\batik-xml\1.10\batik-xml-1.10.jar;C:\Users\mek\.m2\repository\xalan\xalan\2.7.2\xalan-2.7.2.jar;C:\Users\mek\.m2\repository\xalan\serializer\2.7.2\serializer-2.7.2.jar;C:\Users\mek\.m2\repository\xml-apis\xml-apis\1.3.04\xml-apis-1.3.04.jar;C:\Users\mek\.m2\repository\xml-apis\xml-apis-ext\1.3.04\xml-apis-ext-1.3.04.jar;C:\Users\mek\.m2\repository\org\apache\xmlgraphics\batik-svggen\1.10\batik-svggen-1.10.jar;C:\Users\mek\.m2\repository\org\activiti\activiti-process-validation\7.0.0.Beta1\activiti-process-validation-7.0.0.Beta1.jar;C:\Users\mek\.m2\repository\org\activiti\activiti-spring\7.0.0.Beta1\activiti-spring-7.0.0.Beta1.jar;C:\Users\mek\.m2\repository\org\springframework\spring-orm\5.0.8.RELEASE\spring-orm-5.0.8.RELEASE.jar;C:\Users\mek\.m2\repository\javax\el\el-api\2.2\el-api-2.2.jar;C:\Users\mek\.m2\repository\org\activiti\cloud\activiti-cloud-services-api\7.0.0.Beta1\activiti-cloud-services-api-7.0.0.Beta1.jar;C:\Users\mek\.m2\repository\org\activiti\activiti-process-runtime-api\7.0.0.Beta1\activiti-process-runtime-api-7.0.0.Beta1.jar;C:\Users\mek\.m2\repository\org\activiti\activiti-process-model-api\7.0.0.Beta1\activiti-process-model-api-7.0.0.Beta1.jar;C:\Users\mek\.m2\repository\com\alibaba\fastjson\1.2.4\fastjson-1.2.4.jar;C:\Users\mek\.m2\repository\com\thetransactioncompany\cors-filter\2.5\cors-filter-2.5.jar;C:\Users\mek\.m2\repository\com\thetransactioncompany\java-property-utils\1.9\java-property-utils-1.9.jar;C:\Users\mek\.m2\repository\io\springfox\springfox-swagger2\2.7.0\springfox-swagger2-2.7.0.jar;C:\Users\mek\.m2\repository\io\swagger\swagger-annotations\1.5.13\swagger-annotations-1.5.13.jar;C:\Users\mek\.m2\repository\io\swagger\swagger-models\1.5.13\swagger-models-1.5.13.jar;C:\Users\mek\.m2\repository\io\springfox\springfox-spi\2.7.0\springfox-spi-2.7.0.jar;C:\Users\mek\.m2\repository\io\springfox\springfox-core\2.7.0\springfox-core-2.7.0.jar;C:\Users\mek\.m2\repository\net\bytebuddy\byte-buddy\1.6.14\byte-buddy-1.6.14.jar;C:\Users\mek\.m2\repository\io\springfox\springfox-schema\2.7.0\springfox-schema-2.7.0.jar;C:\Users\mek\.m2\repository\io\springfox\springfox-swagger-common\2.7.0\springfox-swagger-common-2.7.0.jar;C:\Users\mek\.m2\repository\io\springfox\springfox-spring-web\2.7.0\springfox-spring-web-2.7.0.jar;C:\Users\mek\.m2\repository\org\reflections\reflections\0.9.11\reflections-0.9.11.jar;C:\Users\mek\.m2\repository\org\javassist\javassist\3.21.0-GA\javassist-3.21.0-GA.jar;C:\Users\mek\.m2\repository\com\google\guava\guava\18.0\guava-18.0.jar;C:\Users\mek\.m2\repository\com\fasterxml\classmate\1.3.3\classmate-1.3.3.jar;C:\Users\mek\.m2\repository\org\springframework\plugin\spring-plugin-core\1.2.0.RELEASE\spring-plugin-core-1.2.0.RELEASE.jar;C:\Users\mek\.m2\repository\org\springframework\plugin\spring-plugin-metadata\1.2.0.RELEASE\spring-plugin-metadata-1.2.0.RELEASE.jar;C:\Users\mek\.m2\repository\org\mapstruct\mapstruct\1.1.0.Final\mapstruct-1.1.0.Final.jar;C:\Users\mek\.m2\repository\io\springfox\springfox-swagger-ui\2.7.0\springfox-swagger-ui-2.7.0.jar;C:\Users\mek\.m2\repository\redis\clients\jedis\3.2.0\jedis-3.2.0.jar;C:\Users\mek\.m2\repository\org\apache\commons\commons-pool2\2.6.2\commons-pool2-2.6.2.jar;C:\Users\mek\.m2\repository\com\alibaba\easyexcel\3.0.1\easyexcel-3.0.1.jar;C:\Users\mek\.m2\repository\org\apache\poi\poi\4.1.2\poi-4.1.2.jar;C:\Users\mek\.m2\repository\org\apache\commons\commons-collections4\4.4\commons-collections4-4.4.jar;C:\Users\mek\.m2\repository\org\apache\commons\commons-math3\3.6.1\commons-math3-3.6.1.jar;C:\Users\mek\.m2\repository\com\zaxxer\SparseBitSet\1.2\SparseBitSet-1.2.jar;C:\Users\mek\.m2\repository\org\apache\poi\poi-ooxml\4.1.2\poi-ooxml-4.1.2.jar;C:\Users\mek\.m2\repository\org\apache\commons\commons-compress\1.19\commons-compress-1.19.jar;C:\Users\mek\.m2\repository\com\github\virtuald\curvesapi\1.06\curvesapi-1.06.jar;C:\Users\mek\.m2\repository\org\apache\poi\poi-ooxml-schemas\4.1.2\poi-ooxml-schemas-4.1.2.jar;C:\Users\mek\.m2\repository\org\apache\xmlbeans\xmlbeans\3.1.0\xmlbeans-3.1.0.jar;C:\Users\mek\.m2\repository\org\apache\commons\commons-csv\1.8\commons-csv-1.8.jar;C:\Users\mek\.m2\repository\cglib\cglib\3.3.0\cglib-3.3.0.jar;C:\Users\mek\.m2\repository\org\ow2\asm\asm\7.1\asm-7.1.jar;C:\Users\mek\.m2\repository\org\ehcache\ehcache\3.8.1\ehcache-3.8.1.jar;C:\Users\mek\.m2\repository\org\glassfish\jaxb\jaxb-runtime\2.3.1\jaxb-runtime-2.3.1.jar;C:\Users\mek\.m2\repository\javax\xml\bind\jaxb-api\2.3.1\jaxb-api-2.3.1.jar;C:\Users\mek\.m2\repository\org\glassfish\jaxb\txw2\2.3.1\txw2-2.3.1.jar;C:\Users\mek\.m2\repository\com\sun\istack\istack-commons-runtime\3.0.7\istack-commons-runtime-3.0.7.jar;C:\Users\mek\.m2\repository\org\jvnet\staxex\stax-ex\1.8\stax-ex-1.8.jar;C:\Users\mek\.m2\repository\com\sun\xml\fastinfoset\FastInfoset\1.2.15\FastInfoset-1.2.15.jar;C:\Users\mek\.m2\repository\javax\activation\javax.activation-api\1.2.0\javax.activation-api-1.2.0.jar;C:\Users\mek\.m2\repository\joda-time\joda-time\2.10.1\joda-time-2.10.1.jar;"/>
    <property name="sun.cpu.endian" value="little"/>
    <property name="user.home" value="C:\Users\mek"/>
    <property name="user.language" value="zh"/>
    <property name="java.specification.vendor" value="Oracle Corporation"/>
    <property name="java.home" value="D:\Java\jdk-9"/>
    <property name="file.separator" value="\"/>
    <property name="basedir" value="F:\服务外包大赛\gitHub-repostiry\first\fwwbBehind\mapper"/>
    <property name="java.vm.compressedOopsMode" value="Zero based"/>
    <property name="line.separator" value="&#10;"/>
    <property name="java.vm.specification.vendor" value="Oracle Corporation"/>
    <property name="java.specification.name" value="Java Platform API Specification"/>
    <property name="java.awt.graphicsenv" value="sun.awt.Win32GraphicsEnvironment"/>
    <property name="surefire.real.class.path" value="C:\Users\mek\AppData\Local\Temp\surefire3283399937162482309\surefirebooter3228512802908548246.jar"/>
    <property name="user.script" value=""/>
    <property name="sun.management.compiler" value="HotSpot 64-Bit Tiered Compilers"/>
    <property name="java.runtime.version" value="9+181"/>
    <property name="user.name" value="mek"/>
    <property name="path.separator" value=";"/>
    <property name="os.version" value="10.0"/>
    <property name="java.runtime.name" value="Java(TM) SE Runtime Environment"/>
    <property name="file.encoding" value="GBK"/>
    <property name="java.vm.name" value="Java HotSpot(TM) 64-Bit Server VM"/>
    <property name="localRepository" value="C:\Users\mek\.m2\repository"/>
    <property name="java.vendor.url.bug" value="http://bugreport.java.com/bugreport/"/>
    <property name="java.io.tmpdir" value="C:\Users\mek\AppData\Local\Temp\"/>
    <property name="idea.version" value="2021.2.1"/>
    <property name="java.version" value="9"/>
    <property name="user.dir" value="F:\服务外包大赛\gitHub-repostiry\first\fwwbBehind\mapper"/>
    <property name="os.arch" value="amd64"/>
    <property name="java.vm.specification.name" value="Java Virtual Machine Specification"/>
    <property name="java.awt.printerjob" value="sun.awt.windows.WPrinterJob"/>
    <property name="sun.os.patch.level" value=""/>
    <property name="java.library.path" value="D:\Java\jdk-9\bin;C:\WINDOWS\Sun\Java\bin;C:\WINDOWS\system32;C:\WINDOWS;D:\kali镜像&amp;虚拟机\VMware\bin\;C:\P;ogramData\Oracle\Java\javapath;C:\WINDOWS\system32;C:\WINDOWS;C:\WINDOWS\System32\Wbem;C:\WINDOWS\System32\WindowsPowerShell\v1.0\;C:\WINDOWS\System32\OpenSSH\;D:\Java\jdk-9\bin;C:\Program Files\MySQL\MySQL Utilities 1.6\;C:\Program Files\MySQL\MySQL Server 5.7\bin;D:\Xftp\Xftp 7\;D:\Rational Rose\Rose\common;D:\Maven\apache-maven-3.6.3-bin\apache-maven-3.6.3\bin;D:\Xshell\;D:\vue\node.js\;D:\vue\git\Git\cmd;C:\Users\mek\AppData\Local\Microsoft\WindowsApps;D:\vscode\Microsoft VS Code\bin;C:\Users\mek\AppData\Local\GitHubDesktop\bin;C:\Users\mek\AppData\Roaming\npm;."/>
    <property name="java.vm.info" value="mixed mode"/>
    <property name="java.vendor" value="Oracle Corporation"/>
    <property name="java.vm.version" value="9+181"/>
    <property name="sun.io.unicode.encoding" value="UnicodeLittle"/>
    <property name="java.class.version" value="53.0"/>
  </properties>
  <testcase name="testbatis" classname="com.xhy.AppTest" time="0.311">
    <error message="&#10;### Error opening session.  Cause: java.lang.NullPointerException&#10;### Cause: java.lang.NullPointerException" type="org.apache.ibatis.exceptions.PersistenceException">org.apache.ibatis.exceptions.PersistenceException: 

### Error opening session.  Cause: java.lang.NullPointerException
### Cause: java.lang.NullPointerException
	at com.xhy.AppTest.init(AppTest.java:32)
Caused by: java.lang.NullPointerException
	at com.xhy.AppTest.init(AppTest.java:32)
</error>
  </testcase>
  <testcase name="testbatis" classname="com.xhy.AppTest" time="0.311">
    <error type="java.lang.NullPointerException">java.lang.NullPointerException
	at com.xhy.AppTest.destroy(AppTest.java:75)
</error>
  </testcase>
  <testcase name="testsave" classname="com.xhy.AppTest" time="0.017">
    <error message="&#10;### Error opening session.  Cause: java.lang.NullPointerException&#10;### Cause: java.lang.NullPointerException" type="org.apache.ibatis.exceptions.PersistenceException">org.apache.ibatis.exceptions.PersistenceException: 

### Error opening session.  Cause: java.lang.NullPointerException
### Cause: java.lang.NullPointerException
	at com.xhy.AppTest.init(AppTest.java:32)
Caused by: java.lang.NullPointerException
	at com.xhy.AppTest.init(AppTest.java:32)
</error>
  </testcase>
  <testcase name="testsave" classname="com.xhy.AppTest" time="0.017">
    <error type="java.lang.NullPointerException">java.lang.NullPointerException
	at com.xhy.AppTest.destroy(AppTest.java:75)
</error>
  </testcase>
  <testcase name="testfindbyid" classname="com.xhy.AppTest" time="0.014">
    <error message="&#10;### Error opening session.  Cause: java.lang.NullPointerException&#10;### Cause: java.lang.NullPointerException" type="org.apache.ibatis.exceptions.PersistenceException">org.apache.ibatis.exceptions.PersistenceException: 

### Error opening session.  Cause: java.lang.NullPointerException
### Cause: java.lang.NullPointerException
	at com.xhy.AppTest.init(AppTest.java:32)
Caused by: java.lang.NullPointerException
	at com.xhy.AppTest.init(AppTest.java:32)
</error>
  </testcase>
  <testcase name="testfindbyid" classname="com.xhy.AppTest" time="0.014">
    <error type="java.lang.NullPointerException">java.lang.NullPointerException
	at com.xhy.AppTest.destroy(AppTest.java:75)
</error>
  </testcase>
</testsuite>